gallery.js database remove

Remove entries by given query

Options:
      --version          Show version number                           [boolean]
  -l, --log-level        Console log level
         [string] [choices: "trace", "debug", "info", "warn", "error", "silent"]
      --log-json-format  Log output format in json                     [boolean]
  -L, --log-file         Log file
      --log-file-level   Log file level
         [string] [choices: "trace", "debug", "info", "warn", "error"] [default:
                                                                        "debug"]
  -d, --database         Database filename
  -e, --events           Events filename
  -q, --query            Query to remove from the database   [string] [required]
  -k, --keep, --inverse  Keep matching entries instead of removing it  [boolean]
  -n, --dry-run          Do not perform any writes
  -c, --config           Configuration file
  -h, --help             Show help                                     [boolean]
      --level                                                   [default: debug]

Examples:
  gallery.js database remove -q             Remove all entries with tag
  tag:trashed                               "trashed"
  gallery.js database remove -k -q          Keep all entries with tag "good"
  tag:good
