gallery.js export

Create a static export

Options:
      --version         Show version number                            [boolean]
  -l, --log-level       console log level
         [string] [choices: "trace", "debug", "info", "warn", "error", "silent"]
                                                               [default: "info"]
  -L, --log-file        Log file
      --log-file-level  Log file level
         [string] [choices: "trace", "debug", "info", "warn", "error"] [default:
                                                                        "debug"]
  -d, --database        Database filename                             [required]
  -e, --events          Events filename
  -s, --storage         Storage directory                             [required]
  -o, --output          Output directory of export
  -f, --file            Archive filename of export. Must end with .zip or
                        .tar.gz                                         [string]
  -k, --keep            Keep outputdirectory on archives               [boolean]
  -q, --query           Search query for matching entries               [string]
  -b, --base-path       Base path of static page. e.g. "/gallery"
                                                         [string] [default: "/"]
  -h, --help            Show help                                      [boolean]
