gallery.js fetch

Fetch and merge from remote

Options:
      --version            Show version number                         [boolean]
  -l, --log-level          console log level
         [string] [choices: "trace", "debug", "info", "warn", "error", "silent"]
                                                               [default: "info"]
  -L, --log-file           Log file
      --log-file-level     Log file level
         [string] [choices: "trace", "debug", "info", "warn", "error"] [default:
                                                                        "debug"]
  -u, --server-url, --url  Gallery server url                         [required]
  -k, --insecure           Do not verify HTTPS certificates            [boolean]
  -q, --query              Search query                                 [string]
  -d, --database           Database filename                          [required]
  -e, --events             Events filename                            [required]
  -s, --storage            Storage directory                          [required]
  -D, --delete             Delete local files which are missing remote for all
                           remote index               [boolean] [default: false]
  -h, --help               Show help                                   [boolean]
