gallery.js plugin list

List plugins

Commands:
  gallery.js plugin ls plugins     List plugins                        [default]
  gallery.js plugin ls extractors  List extractor tasks
                                                   [aliases: extractor, extract]
  gallery.js plugin ls database    List database mappers

Options:
      --version          Show version number                           [boolean]
  -l, --log-level        Console log level
         [string] [choices: "trace", "debug", "info", "warn", "error", "silent"]
  -J, --log-json-format  Log output format in json                     [boolean]
  -L, --log-file         Log file
      --log-file-level   Log file level
  [string] [choices: "trace", "debug", "info", "warn", "error"] [default: "debug
                                                                              "]
  -c, --config           Configuration file
      --auto-config      Search for configuration on common configuration direct
                         ories                         [boolean] [default: true]
      --long             Long version                 [boolean] [default: false]
      --json             Print plugins in JSON format [boolean] [default: false]
  -h, --help             Show help                                     [boolean]
      --level                                                   [default: debug]
