gallery.js plugin create

Create a new plugin

Options:
      --version          Show version number                           [boolean]
      --full-version     Show full build version                       [boolean]
  -l, --log-level        Console log level
         [string] [choices: "trace", "debug", "info", "warn", "error", "silent"]
  -J, --log-json-format  Log output format in json                     [boolean]
  -L, --log-file         Log file
      --log-file-level   Log file level
  [string] [choices: "trace", "debug", "info", "warn", "error"] [default: "debug
                                                                              "]
  -c, --config           Configuration file
      --auto-config      Search for configuration on common configuration direct
                         ories                         [boolean] [default: true]
  -n, --name             Plugin name                                  [required]
  -d, --dir              Base directory of plugins. The plugin will be created a
                         s separate directory of given plugin name below
  -t, --sourceType       Source language type
               [choices: "single", "vanilla", "typescript"] [default: "vanilla"]
  -e, --environment      Plugin environments
                      [array] [choices: "server", "browser"] [default: "server"]
  -m, --modules          Plugin modules. Any set of extractor, database
                             [array] [choices: "extractor", "database", "query"]
  -f, --force            Force plugin folder overwrite if exists
                                                      [boolean] [default: false]
  -h, --help             Show help                                     [boolean]
      --level                                                   [default: debug]
