gallery.js plugin

Plugin handling

Commands:
  gallery.js plugin create      Create a new plugin
  gallery.js plugin list        List plugins                       [aliases: ls]
  gallery.js plugin plugins     List plugins                           [default]
  gallery.js plugin extractors  List extractor tasks
                                                   [aliases: extractor, extract]
  gallery.js plugin database    List database mappers

Options:
      --version          Show version number                           [boolean]
  -l, --log-level        Console log level
         [string] [choices: "trace", "debug", "info", "warn", "error", "silent"]
  -J, --log-json-format  Log output format in json                     [boolean]
  -L, --log-file         Log file
      --log-file-level   Log file level
  [string] [choices: "trace", "debug", "info", "warn", "error"] [default: "debug
                                                                              "]
  -c, --config           Configuration file
      --auto-config      Search for configuration on common configuration direct
                         ories                         [boolean] [default: true]
  -h, --help             Show help                                     [boolean]
      --level                                                   [default: debug]
