gallery.js run

Run common tasks

Commands:
  gallery.js run init    Initialize the gallery configuration
  gallery.js run server  Start the webserver
  gallery.js run import  Import and update new files from sources

Options:
      --version          Show version number                           [boolean]
      --full-version     Show full build version                       [boolean]
  -l, --log-level        Console log level
         [string] [choices: "trace", "debug", "info", "warn", "error", "silent"]
  -J, --log-json-format  Log output format in json                     [boolean]
  -L, --log-file         Log file
      --log-file-level   Log file level
  [string] [choices: "trace", "debug", "info", "warn", "error"] [default: "debug
                                                                              "]
  -c, --config           Configuration file
      --auto-config      Search for configuration on common configuration direct
                         ories                         [boolean] [default: true]
  -h, --help             Show help                                     [boolean]
      --level                                                   [default: debug]
