gallery.js run init

Initialize the gallery configuration

Options:
      --version          Show version number                           [boolean]
      --full-version     Show full build version                       [boolean]
  -l, --log-level        Console log level
         [string] [choices: "trace", "debug", "info", "warn", "error", "silent"]
  -J, --log-json-format  Log output format in json                     [boolean]
  -L, --log-file         Log file
      --log-file-level   Log file level
  [string] [choices: "trace", "debug", "info", "warn", "error"] [default: "debug
                                                                              "]
  -c, --config           Configuration file
      --auto-config      Search for configuration on common configuration direct
                         ories                         [boolean] [default: true]
  -s, --source           Initial source directory or directories
                                                              [array] [required]
  -f, --force            Force, overwrite existing configuration       [boolean]
  -h, --help             Show help                                     [boolean]
      --level                                                   [default: debug]
